[0.096s] Invoking command in '/home/sergio/ros2_ws/build/p1_ej2_interface': AMENT_PREFIX_PATH=/home/sergio/ros2_ws/install/p1_ej2_nodos_sensor:/home/sergio/ros2_ws/install/p1_ej3_servidor:/home/sergio/ros2_ws/install/p1_ej3_interface:/home/sergio/ros2_ws/install/p1_ej3_cliente:/home/sergio/ros2_ws/install/p1_ej2_interface:/home/sergio/ros2_ws/install/p1_ej2_nodo4:/home/sergio/ros2_ws/install/P1_ej1_sub:/home/sergio/ros2_ws/install/P1_ej1_pub:/home/sergio/ros2_ws/install/my_package:/home/sergio/ros2_ws/install/mma_talker:/home/sergio/ros2_ws/install/mma_service:/home/sergio/ros2_ws/install/mma_listener:/home/sergio/ros2_ws/install/mma_interfaces:/home/sergio/ros2_ws/install/ejercicio_tres_server:/home/sergio/ros2_ws/install/ejercicio_tres_interface:/home/sergio/ros2_ws/install/ejercicio_tres_client:/home/sergio/ros2_ws/install/ejercicio_dos:/home/sergio/ros2_ws/install/ejemplo_uno:/opt/ros/humble CMAKE_PREFIX_PATH=${CMAKE_PREFIX_PATH}:/home/sergio/ros2_ws/install/p1_ej3_servidor:/home/sergio/ros2_ws/install/p1_ej3_cliente:/home/sergio/ros2_ws/install/p1_ej2_nodos_sensor:/home/sergio/ros2_ws/install/p1_ej2_nodo4:/home/sergio/ros2_ws/install/P1_ej1_sub:/home/sergio/ros2_ws/install/P1_ej1_pub:/home/sergio/ros2_ws/install/my_package:/home/sergio/ros2_ws/install/mma_talker:/home/sergio/ros2_ws/install/mma_service:/home/sergio/ros2_ws/install/mma_listener:/home/sergio/ros2_ws/install/ejercicio_tres_server:/home/sergio/ros2_ws/install/ejercicio_tres_client:/home/sergio/ros2_ws/install/ejercicio_dos:/home/sergio/ros2_ws/install/ejemplo_uno:/opt/ros/humble PYTHONPATH=/home/sergio/ros2_ws/install/p1_ej2_nodos_sensor/lib/python3.10/site-packages:/home/sergio/ros2_ws/install/p1_ej3_servidor/lib/python3.10/site-packages:/home/sergio/ros2_ws/install/p1_ej3_interface/local/lib/python3.10/dist-packages:/home/sergio/ros2_ws/install/p1_ej3_cliente/lib/python3.10/site-packages:/home/sergio/ros2_ws/install/p1_ej2_interface/local/lib/python3.10/dist-packages:/home/sergio/ros2_ws/install/p1_ej2_nodo4/lib/python3.10/site-packages:/home/sergio/ros2_ws/install/P1_ej1_sub/lib/python3.10/site-packages:/home/sergio/ros2_ws/install/P1_ej1_pub/lib/python3.10/site-packages:/home/sergio/ros2_ws/install/my_package/lib/python3.10/site-packages:/home/sergio/ros2_ws/install/mma_talker/lib/python3.10/site-packages:/home/sergio/ros2_ws/install/mma_service/lib/python3.10/site-packages:/home/sergio/ros2_ws/install/mma_listener/lib/python3.10/site-packages:/home/sergio/ros2_ws/install/mma_interfaces/local/lib/python3.10/dist-packages:/home/sergio/ros2_ws/install/ejercicio_tres_server/lib/python3.10/site-packages:/home/sergio/ros2_ws/install/ejercicio_tres_interface/local/lib/python3.10/dist-packages:/home/sergio/ros2_ws/install/ejercicio_tres_client/lib/python3.10/site-packages:/home/sergio/ros2_ws/install/ejercicio_dos/lib/python3.10/site-packages:/home/sergio/ros2_ws/install/ejemplo_uno/lib/python3.10/site-packages:/opt/ros/humble/lib/python3.10/site-packages:/opt/ros/humble/local/lib/python3.10/dist-packages /usr/bin/cmake --build /home/sergio/ros2_ws/build/p1_ej2_interface -- -j16 -l16
[0.130s] -- Found ament_cmake: 1.3.11 (/opt/ros/humble/share/ament_cmake/cmake)
[0.257s] -- Found rosidl_default_generators: 1.2.0 (/opt/ros/humble/share/rosidl_default_generators/cmake)
[0.259s] -- Using all available rosidl_typesupport_c: rosidl_typesupport_fastrtps_c;rosidl_typesupport_introspection_c
[0.261s] -- Found rosidl_adapter: 3.1.6 (/opt/ros/humble/share/rosidl_adapter/cmake)
[0.279s] -- Using all available rosidl_typesupport_cpp: rosidl_typesupport_fastrtps_cpp;rosidl_typesupport_introspection_cpp
[0.486s] -- Found ament_cmake_ros: 0.10.0 (/opt/ros/humble/share/ament_cmake_ros/cmake)
[0.622s] -- Using all available rosidl_typesupport_c: rosidl_typesupport_fastrtps_c;rosidl_typesupport_introspection_c
[0.790s] -- Using all available rosidl_typesupport_cpp: rosidl_typesupport_fastrtps_cpp;rosidl_typesupport_introspection_cpp
[0.811s] -- Found python_cmake_module: 0.10.0 (/opt/ros/humble/share/python_cmake_module/cmake)
[0.828s] -- Using PYTHON_EXECUTABLE: /usr/bin/python3
[0.828s] -- Using PYTHON_INCLUDE_DIRS: /usr/include/python3.10
[0.828s] -- Using PYTHON_LIBRARIES: /usr/lib/x86_64-linux-gnu/libpython3.10.so
[0.838s] -- Found ament_lint_auto: 0.12.11 (/opt/ros/humble/share/ament_lint_auto/cmake)
[0.843s] -- Added test 'flake8' to check Python code syntax and style conventions
[0.843s] -- Added test 'lint_cmake' to check CMake code style
[0.843s] -- Added test 'pep257' to check Python code against some of the docstring style conventions in PEP 257
[0.844s] -- Added test 'xmllint' to check XML markup files
[0.845s] -- Configuring done
[0.861s] -- Generating done
[0.867s] -- Build files have been written to: /home/sergio/ros2_ws/build/p1_ej2_interface
[0.882s] [  2%] [34m[1mGenerating C code for ROS interfaces[0m
[0.888s] [  5%] [34m[1mGenerating C++ code for ROS interfaces[0m
[0.894s] [  5%] Built target ament_cmake_python_copy_p1_ej2_interface
[1.069s] running egg_info
[1.070s] writing p1_ej2_interface.egg-info/PKG-INFO
[1.070s] writing dependency_links to p1_ej2_interface.egg-info/dependency_links.txt
[1.070s] writing top-level names to p1_ej2_interface.egg-info/top_level.txt
[1.072s] reading manifest file 'p1_ej2_interface.egg-info/SOURCES.txt'
[1.072s] writing manifest file 'p1_ej2_interface.egg-info/SOURCES.txt'
[1.093s] [35m[1mConsolidate compiler generated dependencies of target p1_ej2_interface__rosidl_generator_c[0m
[1.094s] [  5%] Built target ament_cmake_python_build_p1_ej2_interface_egg
[1.104s] [  5%] Built target p1_ej2_interface__cpp
[1.104s] [  7%] [32mBuilding C object CMakeFiles/p1_ej2_interface__rosidl_generator_c.dir/rosidl_generator_c/p1_ej2_interface/msg/detail/sensor__functions.c.o[0m
[1.104s] [ 10%] [32mBuilding C object CMakeFiles/p1_ej2_interface__rosidl_generator_c.dir/rosidl_generator_c/p1_ej2_interface/msg/detail/filtered_sensor__functions.c.o[0m
[1.115s] [ 12%] [34m[1mGenerating C++ type support dispatch for ROS interfaces[0m
[1.117s] [ 17%] [34m[1mGenerating C++ type support for eProsima Fast-RTPS[0m
[1.117s] [ 17%] [34m[1mGenerating C++ introspection for ROS interfaces[0m
[1.118s] In file included from [01m[K/home/sergio/ros2_ws/build/p1_ej2_interface/rosidl_generator_c/p1_ej2_interface/msg/detail/filtered_sensor__functions.h:19[m[K,
[1.119s]                  from [01m[K/home/sergio/ros2_ws/build/p1_ej2_interface/rosidl_generator_c/p1_ej2_interface/msg/detail/filtered_sensor__functions.c:4[m[K:
[1.119s] [01m[K/home/sergio/ros2_ws/build/p1_ej2_interface/rosidl_generator_c/p1_ej2_interface/msg/detail/filtered_sensor__struct.h:22:10:[m[K [01;31m[Kfatal error: [m[Kbuiltin_interfaces/msg/detail/time__struct.h: No such file or directory
[1.119s]    22 | #include [01;31m[K"builtin_interfaces/msg/detail/time__struct.h"[m[K
[1.119s]       |          [01;31m[K^~~~~~~~~~~~~~~~~~~~~~~~~~~~~~~~~~~~~~~~~~~~~~[m[K
[1.119s] compilation terminated.
[1.119s] gmake[2]: *** [CMakeFiles/p1_ej2_interface__rosidl_generator_c.dir/build.make:135: CMakeFiles/p1_ej2_interface__rosidl_generator_c.dir/rosidl_generator_c/p1_ej2_interface/msg/detail/filtered_sensor__functions.c.o] Error 1
[1.119s] gmake[2]: *** Waiting for unfinished jobs....
[1.137s] gmake[1]: *** [CMakeFiles/Makefile2:213: CMakeFiles/p1_ej2_interface__rosidl_generator_c.dir/all] Error 2
[1.137s] gmake[1]: *** Waiting for unfinished jobs....
[1.282s] [35m[1mConsolidate compiler generated dependencies of target p1_ej2_interface__rosidl_typesupport_cpp[0m
[1.291s] [ 20%] [32mBuilding CXX object CMakeFiles/p1_ej2_interface__rosidl_typesupport_cpp.dir/rosidl_typesupport_cpp/p1_ej2_interface/msg/sensor__type_support.cpp.o[0m
[1.291s] [ 23%] [32mBuilding CXX object CMakeFiles/p1_ej2_interface__rosidl_typesupport_cpp.dir/rosidl_typesupport_cpp/p1_ej2_interface/msg/filtered_sensor__type_support.cpp.o[0m
[1.295s] [35m[1mConsolidate compiler generated dependencies of target p1_ej2_interface__rosidl_typesupport_introspection_cpp[0m
[1.310s] [ 25%] [32mBuilding CXX object CMakeFiles/p1_ej2_interface__rosidl_typesupport_introspection_cpp.dir/rosidl_typesupport_introspection_cpp/p1_ej2_interface/msg/detail/sensor__type_support.cpp.o[0m
[1.311s] [ 28%] [32mBuilding CXX object CMakeFiles/p1_ej2_interface__rosidl_typesupport_introspection_cpp.dir/rosidl_typesupport_introspection_cpp/p1_ej2_interface/msg/detail/filtered_sensor__type_support.cpp.o[0m
[1.313s] [35m[1mConsolidate compiler generated dependencies of target p1_ej2_interface__rosidl_typesupport_fastrtps_cpp[0m
[1.326s] [ 33%] [32mBuilding CXX object CMakeFiles/p1_ej2_interface__rosidl_typesupport_fastrtps_cpp.dir/rosidl_typesupport_fastrtps_cpp/p1_ej2_interface/msg/detail/dds_fastrtps/sensor__type_support.cpp.o[0m
[1.326s] [ 33%] [32mBuilding CXX object CMakeFiles/p1_ej2_interface__rosidl_typesupport_fastrtps_cpp.dir/rosidl_typesupport_fastrtps_cpp/p1_ej2_interface/msg/detail/dds_fastrtps/filtered_sensor__type_support.cpp.o[0m
[1.340s] In file included from [01m[K/home/sergio/ros2_ws/build/p1_ej2_interface/rosidl_typesupport_cpp/p1_ej2_interface/msg/filtered_sensor__type_support.cpp:7[m[K:
[1.340s] [01m[K/home/sergio/ros2_ws/build/p1_ej2_interface/rosidl_generator_cpp/p1_ej2_interface/msg/detail/filtered_sensor__struct.hpp:20:10:[m[K [01;31m[Kfatal error: [m[Kbuiltin_interfaces/msg/detail/time__struct.hpp: No such file or directory
[1.340s]    20 | #include [01;31m[K"builtin_interfaces/msg/detail/time__struct.hpp"[m[K
[1.340s]       |          [01;31m[K^~~~~~~~~~~~~~~~~~~~~~~~~~~~~~~~~~~~~~~~~~~~~~~~[m[K
[1.340s] compilation terminated.
[1.341s] gmake[2]: *** [CMakeFiles/p1_ej2_interface__rosidl_typesupport_cpp.dir/build.make:104: CMakeFiles/p1_ej2_interface__rosidl_typesupport_cpp.dir/rosidl_typesupport_cpp/p1_ej2_interface/msg/filtered_sensor__type_support.cpp.o] Error 1
[1.341s] gmake[2]: *** Waiting for unfinished jobs....
[1.358s] In file included from [01m[K/home/sergio/ros2_ws/build/p1_ej2_interface/rosidl_typesupport_introspection_cpp/p1_ej2_interface/msg/detail/filtered_sensor__type_support.cpp:12[m[K:
[1.358s] [01m[K/home/sergio/ros2_ws/build/p1_ej2_interface/rosidl_generator_cpp/p1_ej2_interface/msg/detail/filtered_sensor__struct.hpp:20:10:[m[K [01;31m[Kfatal error: [m[Kbuiltin_interfaces/msg/detail/time__struct.hpp: No such file or directory
[1.358s]    20 | #include [01;31m[K"builtin_interfaces/msg/detail/time__struct.hpp"[m[K
[1.358s]       |          [01;31m[K^~~~~~~~~~~~~~~~~~~~~~~~~~~~~~~~~~~~~~~~~~~~~~~~[m[K
[1.358s] compilation terminated.
[1.359s] gmake[2]: *** [CMakeFiles/p1_ej2_interface__rosidl_typesupport_introspection_cpp.dir/build.make:112: CMakeFiles/p1_ej2_interface__rosidl_typesupport_introspection_cpp.dir/rosidl_typesupport_introspection_cpp/p1_ej2_interface/msg/detail/filtered_sensor__type_support.cpp.o] Error 1
[1.359s] gmake[2]: *** Waiting for unfinished jobs....
[1.365s] In file included from [01m[K/home/sergio/ros2_ws/build/p1_ej2_interface/rosidl_typesupport_fastrtps_cpp/p1_ej2_interface/msg/detail/filtered_sensor__rosidl_typesupport_fastrtps_cpp.hpp:11[m[K,
[1.365s]                  from [01m[K/home/sergio/ros2_ws/build/p1_ej2_interface/rosidl_typesupport_fastrtps_cpp/p1_ej2_interface/msg/detail/dds_fastrtps/filtered_sensor__type_support.cpp:4[m[K:
[1.365s] [01m[K/home/sergio/ros2_ws/build/p1_ej2_interface/rosidl_generator_cpp/p1_ej2_interface/msg/detail/filtered_sensor__struct.hpp:20:10:[m[K [01;31m[Kfatal error: [m[Kbuiltin_interfaces/msg/detail/time__struct.hpp: No such file or directory
[1.365s]    20 | #include [01;31m[K"builtin_interfaces/msg/detail/time__struct.hpp"[m[K
[1.365s]       |          [01;31m[K^~~~~~~~~~~~~~~~~~~~~~~~~~~~~~~~~~~~~~~~~~~~~~~~[m[K
[1.365s] compilation terminated.
[1.366s] gmake[2]: *** [CMakeFiles/p1_ej2_interface__rosidl_typesupport_fastrtps_cpp.dir/build.make:112: CMakeFiles/p1_ej2_interface__rosidl_typesupport_fastrtps_cpp.dir/rosidl_typesupport_fastrtps_cpp/p1_ej2_interface/msg/detail/dds_fastrtps/filtered_sensor__type_support.cpp.o] Error 1
[1.366s] gmake[2]: *** Waiting for unfinished jobs....
[1.466s] gmake[1]: *** [CMakeFiles/Makefile2:395: CMakeFiles/p1_ej2_interface__rosidl_typesupport_cpp.dir/all] Error 2
[1.563s] gmake[1]: *** [CMakeFiles/Makefile2:369: CMakeFiles/p1_ej2_interface__rosidl_typesupport_introspection_cpp.dir/all] Error 2
[1.576s] gmake[1]: *** [CMakeFiles/Makefile2:343: CMakeFiles/p1_ej2_interface__rosidl_typesupport_fastrtps_cpp.dir/all] Error 2
[1.576s] gmake: *** [Makefile:146: all] Error 2
[1.578s] Invoked command in '/home/sergio/ros2_ws/build/p1_ej2_interface' returned '2': AMENT_PREFIX_PATH=/home/sergio/ros2_ws/install/p1_ej2_nodos_sensor:/home/sergio/ros2_ws/install/p1_ej3_servidor:/home/sergio/ros2_ws/install/p1_ej3_interface:/home/sergio/ros2_ws/install/p1_ej3_cliente:/home/sergio/ros2_ws/install/p1_ej2_interface:/home/sergio/ros2_ws/install/p1_ej2_nodo4:/home/sergio/ros2_ws/install/P1_ej1_sub:/home/sergio/ros2_ws/install/P1_ej1_pub:/home/sergio/ros2_ws/install/my_package:/home/sergio/ros2_ws/install/mma_talker:/home/sergio/ros2_ws/install/mma_service:/home/sergio/ros2_ws/install/mma_listener:/home/sergio/ros2_ws/install/mma_interfaces:/home/sergio/ros2_ws/install/ejercicio_tres_server:/home/sergio/ros2_ws/install/ejercicio_tres_interface:/home/sergio/ros2_ws/install/ejercicio_tres_client:/home/sergio/ros2_ws/install/ejercicio_dos:/home/sergio/ros2_ws/install/ejemplo_uno:/opt/ros/humble CMAKE_PREFIX_PATH=${CMAKE_PREFIX_PATH}:/home/sergio/ros2_ws/install/p1_ej3_servidor:/home/sergio/ros2_ws/install/p1_ej3_cliente:/home/sergio/ros2_ws/install/p1_ej2_nodos_sensor:/home/sergio/ros2_ws/install/p1_ej2_nodo4:/home/sergio/ros2_ws/install/P1_ej1_sub:/home/sergio/ros2_ws/install/P1_ej1_pub:/home/sergio/ros2_ws/install/my_package:/home/sergio/ros2_ws/install/mma_talker:/home/sergio/ros2_ws/install/mma_service:/home/sergio/ros2_ws/install/mma_listener:/home/sergio/ros2_ws/install/ejercicio_tres_server:/home/sergio/ros2_ws/install/ejercicio_tres_client:/home/sergio/ros2_ws/install/ejercicio_dos:/home/sergio/ros2_ws/install/ejemplo_uno:/opt/ros/humble PYTHONPATH=/home/sergio/ros2_ws/install/p1_ej2_nodos_sensor/lib/python3.10/site-packages:/home/sergio/ros2_ws/install/p1_ej3_servidor/lib/python3.10/site-packages:/home/sergio/ros2_ws/install/p1_ej3_interface/local/lib/python3.10/dist-packages:/home/sergio/ros2_ws/install/p1_ej3_cliente/lib/python3.10/site-packages:/home/sergio/ros2_ws/install/p1_ej2_interface/local/lib/python3.10/dist-packages:/home/sergio/ros2_ws/install/p1_ej2_nodo4/lib/python3.10/site-packages:/home/sergio/ros2_ws/install/P1_ej1_sub/lib/python3.10/site-packages:/home/sergio/ros2_ws/install/P1_ej1_pub/lib/python3.10/site-packages:/home/sergio/ros2_ws/install/my_package/lib/python3.10/site-packages:/home/sergio/ros2_ws/install/mma_talker/lib/python3.10/site-packages:/home/sergio/ros2_ws/install/mma_service/lib/python3.10/site-packages:/home/sergio/ros2_ws/install/mma_listener/lib/python3.10/site-packages:/home/sergio/ros2_ws/install/mma_interfaces/local/lib/python3.10/dist-packages:/home/sergio/ros2_ws/install/ejercicio_tres_server/lib/python3.10/site-packages:/home/sergio/ros2_ws/install/ejercicio_tres_interface/local/lib/python3.10/dist-packages:/home/sergio/ros2_ws/install/ejercicio_tres_client/lib/python3.10/site-packages:/home/sergio/ros2_ws/install/ejercicio_dos/lib/python3.10/site-packages:/home/sergio/ros2_ws/install/ejemplo_uno/lib/python3.10/site-packages:/opt/ros/humble/lib/python3.10/site-packages:/opt/ros/humble/local/lib/python3.10/dist-packages /usr/bin/cmake --build /home/sergio/ros2_ws/build/p1_ej2_interface -- -j16 -l16
